<?xml version="1.0" encoding="UTF-8"?>
<!-- Generated by org.testng.reporters.JUnitReportReporter -->
<testsuite hostname="IND-36DYM72-LT" name="AlationTest.AlationTest.AlationTest" tests="1" failures="0" timestamp="4 Aug 2018 06:12:10 GMT" time="109.206" errors="0">
  <testcase name="feature" time="109.206" classname="AlationTest.AlationTest.AlationTest"/>
</testsuite> <!-- AlationTest.AlationTest.AlationTest -->
