<?xml version="1.0" encoding="UTF-8"?>
<!-- Generated by org.testng.reporters.JUnitReportReporter -->
<testsuite hostname="IND-36DYM72-LT" name="AlationTest.AlationTest.AppTest" tests="1" failures="0" timestamp="1 Aug 2018 12:17:13 GMT" time="0.010" errors="0">
  <testcase name="testApp" time="0.010" classname="AlationTest.AlationTest.AppTest"/>
</testsuite> <!-- AlationTest.AlationTest.AppTest -->
